<?xml version="1.0" encoding="UTF-8"?>
<!-- Generated by org.testng.reporters.JUnitReportReporter -->
<testsuite skipped="1" hostname="DESKTOP-US5UP01" name="com.annotationtest.ignoretest" tests="3" failures="0" timestamp="31 Dec 2019 05:55:43 GMT" time="0.011" errors="0">
  <testcase name="testCase1" time="0.009" classname="com.annotationtest.ignoretest"/>
  <testcase name="testcase3" time="0.002" classname="com.annotationtest.ignoretest"/>
  <testcase name="testCase2" classname="com.annotationtest.ignoretest">
    <skipped/>
  </testcase> <!-- testCase2 -->
</testsuite> <!-- com.annotationtest.ignoretest -->
