<?xml version="1.0" encoding="UTF-8"?>
<!-- Generated by org.testng.reporters.JUnitReportReporter -->
<testsuite skipped="0" hostname="DESKTOP-US5UP01" name="com.adactin.test.homepagetest" tests="2" failures="0" timestamp="29 Dec 2019 10:52:06 GMT" time="1.892" errors="0">
  <testcase name="dd" time="1.718" classname="com.adactin.test.homepagetest"/>
  <testcase name="verifysearchhotel" time="0.174" classname="com.adactin.test.homepagetest"/>
</testsuite> <!-- com.adactin.test.homepagetest -->
