<?xml version="1.0" encoding="UTF-8"?>
<!-- Generated by org.testng.reporters.JUnitReportReporter -->
<testsuite skipped="0" hostname="DESKTOP-US5UP01" name="com.annotationtest.dataprovider" tests="3" failures="0" timestamp="02 Jan 2020 12:53:03 GMT" time="28.448" errors="0">
  <testcase name="verifylogin" time="9.850" classname="com.annotationtest.dataprovider"/>
  <testcase name="verifylogin" time="10.039" classname="com.annotationtest.dataprovider"/>
  <testcase name="verifylogin" time="8.559" classname="com.annotationtest.dataprovider"/>
</testsuite> <!-- com.annotationtest.dataprovider -->
