<?xml version="1.0" encoding="UTF-8"?>
<!-- Generated by org.testng.reporters.JUnitReportReporter -->
<testsuite skipped="0" hostname="DESKTOP-US5UP01"
	name="com.automation.test.hometest" tests="4" failures="0"
	timestamp="28 Dec 2019 16:36:40 GMT" time="7.750" errors="0">
	<testcase name="newstab" time="3.932"
		classname="com.automation.test.hometest" />
	<testcase name="dresstabs" time="1.080"
		classname="com.automation.test.hometest" />
	<testcase name="womentabs" time="1.546"
		classname="com.automation.test.hometest" />
	<testcase name="tshirtstabs" time="1.192"
		classname="com.automation.test.hometest" />
</testsuite> <!-- com.automation.test.hometest -->
