<?xml version="1.0" encoding="UTF-8"?>
<!-- Generated by org.testng.reporters.JUnitReportReporter -->
<testsuite skipped="0" hostname="DESKTOP-US5UP01" name="com.automation.test.annotation" tests="2" failures="0" timestamp="30 Dec 2019 13:38:16 GMT" time="0.008" errors="0">
  <testcase name="testCase2" time="0.003" classname="com.automation.test.annotation"/>
  <testcase name="testCase1" time="0.005" classname="com.automation.test.annotation"/>
</testsuite> <!-- com.automation.test.annotation -->
