<?xml version="1.0" encoding="UTF-8"?>
<!-- Generated by org.testng.reporters.JUnitReportReporter -->
<testsuite skipped="0" hostname="DESKTOP-US5UP01" name="com.annotationtest.parameter" tests="1" failures="0" timestamp="03 Jan 2020 07:02:18 GMT" time="14.032" errors="0">
  <testcase name="verifylogin" time="14.032" classname="com.annotationtest.parameter"/>
</testsuite> <!-- com.annotationtest.parameter -->
