<?xml version="1.0" encoding="UTF-8"?>
<!-- Generated by org.testng.reporters.JUnitReportReporter -->
<testsuite skipped="0" hostname="DESKTOP-US5UP01" name="com.adactin.test.searchtest" tests="2" failures="0" timestamp="29 Dec 2019 10:55:43 GMT" time="4.278" errors="0">
  <testcase name="verifysearchhotel" time="2.750" classname="com.adactin.test.searchtest"/>
  <testcase name="dd" time="1.528" classname="com.adactin.test.searchtest"/>
</testsuite> <!-- com.adactin.test.searchtest -->
