<?xml version="1.0" encoding="UTF-8"?>
<!-- Generated by org.testng.reporters.JUnitReportReporter -->
<testsuite skipped="0" hostname="DESKTOP-US5UP01" name="com.annotationtest.annotationn" tests="2" failures="0" timestamp="31 Dec 2019 05:56:38 GMT" time="0.007" errors="0">
  <testcase name="testCase2" time="0.002" classname="com.annotationtest.annotationn"/>
  <testcase name="testCase1" time="0.005" classname="com.annotationtest.annotationn"/>
</testsuite> <!-- com.annotationtest.annotationn -->
