<?xml version="1.0" encoding="UTF-8"?>
<!-- Generated by org.testng.reporters.JUnitReportReporter -->
<testsuite skipped="0" hostname="DESKTOP-US5UP01" name="com.annotationtest.groups" tests="5" failures="0" timestamp="30 Dec 2019 14:24:41 GMT" time="0.014" errors="0">
  <testcase name="testCase1" time="0.009" classname="com.annotationtest.groups"/>
  <testcase name="testCase3" time="0.001" classname="com.annotationtest.groups"/>
  <testcase name="testCase5" time="0.002" classname="com.annotationtest.groups"/>
  <testcase name="testCase4" time="0.001" classname="com.annotationtest.groups"/>
  <testcase name="testCase2" time="0.001" classname="com.annotationtest.groups"/>
</testsuite> <!-- com.annotationtest.groups -->
