<?xml version="1.0" encoding="UTF-8"?>
<!-- Generated by org.testng.reporters.JUnitReportReporter -->
<testsuite skipped="0" hostname="DESKTOP-US5UP01" name="com.automation.test.producttest" tests="2" failures="0" timestamp="28 Dec 2019 17:08:49 GMT" time="6.973" errors="0">
  <testcase name="product" time="3.392" classname="com.automation.test.producttest"/>
  <testcase name="dress" time="3.581" classname="com.automation.test.producttest"/>
</testsuite> <!-- com.automation.test.producttest -->
