<?xml version="1.0" encoding="UTF-8"?>
<!-- Generated by org.testng.reporters.JUnitReportReporter -->
<testsuite skipped="0" hostname="DESKTOP-US5UP01" name="com.adactin.test.selecttest" tests="3" failures="0" timestamp="29 Dec 2019 11:09:59 GMT" time="5.735" errors="0">
  <testcase name="dd" time="1.676" classname="com.adactin.test.selecttest"/>
  <testcase name="verifyselecttest" time="1.310" classname="com.adactin.test.selecttest"/>
  <testcase name="verifysearchhotel" time="2.749" classname="com.adactin.test.selecttest"/>
</testsuite> <!-- com.adactin.test.selecttest -->
